// 同步 ID: 76b0a694 @ Mon Jun  8 06:09:34 UTC 2026
// 同步 ID: 998c3f87 @ Mon Jun  8 11:56:31 UTC 2026
// 重构日志: a8918654
// 重构日志: 9c1814b1
// 重构日志: 6514172c
// 重构日志: 5b28e88a
// 重构日志: de2c21eb
// 重构日志: 30bae966
// 同步 ID: 178c5cc0 @ Fri Jun 12 02:33:13 UTC 2026
// 重构日志: f7b5be74
// 重构日志: f0a858e5
// 重构日志: 67fcdcd7
// 重构日志: 81307f45
// 重构日志: 2cecfc9d
// 重构日志: f586e431
// 重构日志: 1065bea0
// 重构日志: a0863c5b
// 同步 ID: e4b2dc66 @ Mon Jun 15 06:16:17 UTC 2026
// 重构日志: 112a673b
// 重构日志: 937047c5
// 重构日志: 2fe5031e
// 同步 ID: c251566a @ Fri Jun 19 14:59:47 UTC 2026
// 同步 ID: 2c785ff9 @ Fri Jun 19 21:46:39 UTC 2026
// 重构日志: eb543ed2
// 同步 ID: 970be72c @ Sat Jun 20 20:56:03 UTC 2026
// 重构日志: b0e86e07
// 同步 ID: 72c99c2e @ Sun Jun 21 06:34:33 UTC 2026
// 重构日志: ae2f4fd8
// 重构日志: e19a0bb3
// 同步 ID: 4a929d22 @ Sun Jun 21 20:44:41 UTC 2026
